2023-06-07 11:19:31,735 [Worker-1: Loading available Gradle versions] INFO  o.e.b.c.i.u.g.PublishedGradleVersions - Gradle version information cache is up-to-date. Trying to read.
2023-06-07 12:01:57,910 [Worker-16: Importing Maven projects] INFO  o.e.m.c.i.l.LifecycleMappingFactory - Using org.eclipse.m2e.jdt.JarLifecycleMapping lifecycle mapping for MavenProject: Team4FlooringMastery:Team4FlooringMastery:0.0.1-SNAPSHOT @ C:\Users\kalma\di004_mandatory_code-project_floor_mastery-team-4\FlooringMasteryAssignment\Team4FlooringMastery\pom.xml.
2023-06-07 12:01:58,328 [Worker-16: Importing Maven projects] INFO  o.e.m.c.i.e.AbstractTransferListenerAdapter - Downloading https://repo.maven.apache.org/maven2/org/springframework/spring-context/6.0.9/spring-context-6.0.9.pom
2023-06-07 12:01:58,357 [Worker-16: Importing Maven projects] INFO  o.e.m.c.i.e.AbstractTransferListenerAdapter - Downloaded https://repo.maven.apache.org/maven2/org/springframework/spring-context/6.0.9/spring-context-6.0.9.pom
2023-06-07 12:01:58,372 [Worker-16: Importing Maven projects] INFO  o.e.m.c.i.e.AbstractTransferListenerAdapter - Downloading https://repo.maven.apache.org/maven2/org/springframework/spring-aop/6.0.9/spring-aop-6.0.9.pom
2023-06-07 12:01:58,390 [Worker-16: Importing Maven projects] INFO  o.e.m.c.i.e.AbstractTransferListenerAdapter - Downloaded https://repo.maven.apache.org/maven2/org/springframework/spring-aop/6.0.9/spring-aop-6.0.9.pom
2023-06-07 12:01:58,424 [Worker-16: Importing Maven projects] INFO  o.e.m.c.i.e.AbstractTransferListenerAdapter - Downloading https://repo.maven.apache.org/maven2/org/springframework/spring-expression/6.0.9/spring-expression-6.0.9.pom
2023-06-07 12:01:58,441 [Worker-16: Importing Maven projects] INFO  o.e.m.c.i.e.AbstractTransferListenerAdapter - Downloaded https://repo.maven.apache.org/maven2/org/springframework/spring-expression/6.0.9/spring-expression-6.0.9.pom
2023-06-07 12:01:58,469 [AetherRepositoryConnector-repo.maven.apache.org-0-0] INFO  o.e.m.c.i.e.AbstractTransferListenerAdapter - Downloading https://repo.maven.apache.org/maven2/org/springframework/spring-context/6.0.9/spring-context-6.0.9.jar
2023-06-07 12:01:58,494 [AetherRepositoryConnector-repo.maven.apache.org-0-1] INFO  o.e.m.c.i.e.AbstractTransferListenerAdapter - Downloading https://repo.maven.apache.org/maven2/org/springframework/spring-aop/6.0.9/spring-aop-6.0.9.jar
2023-06-07 12:01:58,494 [AetherRepositoryConnector-repo.maven.apache.org-0-2] INFO  o.e.m.c.i.e.AbstractTransferListenerAdapter - Downloading https://repo.maven.apache.org/maven2/org/springframework/spring-expression/6.0.9/spring-expression-6.0.9.jar
2023-06-07 12:01:58,617 [AetherRepositoryConnector-repo.maven.apache.org-0-2] INFO  o.e.m.c.i.e.AbstractTransferListenerAdapter - Downloaded https://repo.maven.apache.org/maven2/org/springframework/spring-expression/6.0.9/spring-expression-6.0.9.jar
2023-06-07 12:01:58,629 [AetherRepositoryConnector-repo.maven.apache.org-0-1] INFO  o.e.m.c.i.e.AbstractTransferListenerAdapter - Downloaded https://repo.maven.apache.org/maven2/org/springframework/spring-aop/6.0.9/spring-aop-6.0.9.jar
2023-06-07 12:01:58,656 [AetherRepositoryConnector-repo.maven.apache.org-0-0] INFO  o.e.m.c.i.e.AbstractTransferListenerAdapter - Downloaded https://repo.maven.apache.org/maven2/org/springframework/spring-context/6.0.9/spring-context-6.0.9.jar
2023-06-07 12:01:59,882 [Worker-16: Importing Maven projects] INFO  o.e.m.j.i.AbstractJavaProjectConfigurator - Adding source folder /Team4FlooringMastery/src
2023-06-07 12:01:59,885 [Worker-16: Importing Maven projects] INFO  o.e.m.j.i.AbstractJavaProjectConfigurator - Not adding source folder /Team4FlooringMastery/src/test/java because it overlaps with /Team4FlooringMastery/src
2023-06-07 12:02:00,155 [Worker-16: Importing Maven projects] INFO  o.e.m.c.i.p.ProjectConfigurationManager - Imported and configured 1 project(s) in 5 sec
2023-06-07 12:02:00,575 [Worker-34: Download sources and javadoc] INFO  o.e.m.c.i.e.AbstractTransferListenerAdapter - Downloading https://repo.maven.apache.org/maven2/org/springframework/spring-context/6.0.9/spring-context-6.0.9-sources.jar
2023-06-07 12:02:00,697 [Worker-34: Download sources and javadoc] INFO  o.e.m.c.i.e.AbstractTransferListenerAdapter - Downloaded https://repo.maven.apache.org/maven2/org/springframework/spring-context/6.0.9/spring-context-6.0.9-sources.jar
2023-06-07 12:02:00,708 [Worker-34: Download sources and javadoc] INFO  o.e.m.j.internal.DownloadSourcesJob - Downloaded sources for org.springframework:spring-context:6.0.9
2023-06-07 12:02:00,767 [Worker-34: Download sources and javadoc] INFO  o.e.m.c.i.e.AbstractTransferListenerAdapter - Downloading https://repo.maven.apache.org/maven2/org/springframework/spring-aop/6.0.9/spring-aop-6.0.9-sources.jar
2023-06-07 12:02:00,818 [Worker-34: Download sources and javadoc] INFO  o.e.m.c.i.e.AbstractTransferListenerAdapter - Downloaded https://repo.maven.apache.org/maven2/org/springframework/spring-aop/6.0.9/spring-aop-6.0.9-sources.jar
2023-06-07 12:02:00,828 [Worker-34: Download sources and javadoc] INFO  o.e.m.j.internal.DownloadSourcesJob - Downloaded sources for org.springframework:spring-aop:6.0.9
2023-06-07 12:02:00,841 [Worker-35: Updating Maven Project] INFO  o.e.m.c.i.p.ProjectConfigurationManager - Update started
2023-06-07 12:02:00,880 [Worker-34: Download sources and javadoc] INFO  o.e.m.c.i.e.AbstractTransferListenerAdapter - Downloading https://repo.maven.apache.org/maven2/org/springframework/spring-expression/6.0.9/spring-expression-6.0.9-sources.jar
2023-06-07 12:02:00,920 [Worker-34: Download sources and javadoc] INFO  o.e.m.c.i.e.AbstractTransferListenerAdapter - Downloaded https://repo.maven.apache.org/maven2/org/springframework/spring-expression/6.0.9/spring-expression-6.0.9-sources.jar
2023-06-07 12:02:00,926 [Worker-34: Download sources and javadoc] INFO  o.e.m.j.internal.DownloadSourcesJob - Downloaded sources for org.springframework:spring-expression:6.0.9
2023-06-07 12:02:01,406 [Worker-35: Updating Maven Project] INFO  o.e.m.c.i.l.LifecycleMappingFactory - Using org.eclipse.m2e.jdt.JarLifecycleMapping lifecycle mapping for MavenProject: Team4FlooringMastery:Team4FlooringMastery:0.0.1-SNAPSHOT @ C:\Users\kalma\di004_mandatory_code-project_floor_mastery-team-4\FlooringMasteryAssignment\Team4FlooringMastery\pom.xml.
2023-06-07 12:02:01,709 [Worker-35: Updating Maven Project] INFO  o.e.m.j.i.AbstractJavaProjectConfigurator - Adding source folder /Team4FlooringMastery/src
2023-06-07 12:02:01,710 [Worker-35: Updating Maven Project] INFO  o.e.m.j.i.AbstractJavaProjectConfigurator - Not adding source folder /Team4FlooringMastery/src/test/java because it overlaps with /Team4FlooringMastery/src
2023-06-07 12:02:02,122 [Worker-35: Updating Maven Project] INFO  o.e.m.c.i.p.ProjectConfigurationManager - Update completed for 1 poms: local refresh takes 0.00 sec, refresh facades takes 0.00 sec, update config takes 0.00 sec 
2023-06-07 12:02:03,555 [Worker-37: Building] WARN  o.e.m.c.i.embedder.EclipseLogger - Using platform encoding (Cp1252 actually) to copy filtered resources, i.e. build is platform dependent!
2023-06-07 12:02:03,557 [Worker-37: Building] INFO  o.e.m.c.i.embedder.EclipseLogger - skip non existing resourceDirectory C:\Users\kalma\di004_mandatory_code-project_floor_mastery-team-4\FlooringMasteryAssignment\Team4FlooringMastery\src\main\resources
2023-06-07 12:02:03,562 [Worker-37: Building] WARN  o.e.m.c.i.embedder.EclipseLogger - Using platform encoding (Cp1252 actually) to copy filtered resources, i.e. build is platform dependent!
2023-06-07 12:02:03,565 [Worker-37: Building] INFO  o.e.m.c.i.embedder.EclipseLogger - skip non existing resourceDirectory C:\Users\kalma\di004_mandatory_code-project_floor_mastery-team-4\FlooringMasteryAssignment\Team4FlooringMastery\src\test\resources
2023-06-07 12:06:58,650 [Worker-16: Building] WARN  o.e.m.c.i.embedder.EclipseLogger - Using platform encoding (Cp1252 actually) to copy filtered resources, i.e. build is platform dependent!
2023-06-07 12:06:58,655 [Worker-16: Building] INFO  o.e.m.c.i.embedder.EclipseLogger - skip non existing resourceDirectory C:\Users\kalma\di004_mandatory_code-project_floor_mastery-team-4\FlooringMasteryAssignment\Team4FlooringMastery\src\main\resources
2023-06-07 12:06:58,661 [Worker-16: Building] WARN  o.e.m.c.i.embedder.EclipseLogger - Using platform encoding (Cp1252 actually) to copy filtered resources, i.e. build is platform dependent!
2023-06-07 12:06:58,664 [Worker-16: Building] INFO  o.e.m.c.i.embedder.EclipseLogger - skip non existing resourceDirectory C:\Users\kalma\di004_mandatory_code-project_floor_mastery-team-4\FlooringMasteryAssignment\Team4FlooringMastery\src\test\resources
